[debug] [2022-04-29T21:57:13.794Z] ----------------------------------------------------------------------
[debug] [2022-04-29T21:57:13.795Z] Command:       C:\Program Files\nodejs\node.exe C:\Program Files\nodejs\node_modules\firebase-tools\lib\bin\firebase.js emulators:start
[debug] [2022-04-29T21:57:13.796Z] CLI Version:   10.7.2
[debug] [2022-04-29T21:57:13.796Z] Platform:      win32
[debug] [2022-04-29T21:57:13.796Z] Node Version:  v16.13.1
[debug] [2022-04-29T21:57:13.797Z] Time:          Fri Apr 29 2022 11:57:13 GMT-1000 (Hawaii-Aleutian Standard Time)
[debug] [2022-04-29T21:57:13.797Z] ----------------------------------------------------------------------
[debug] 
[debug] [2022-04-29T21:57:13.858Z] > command requires scopes: ["email","openid","https://www.googleapis.com/auth/cloudplatformprojects.readonly","https://www.googleapis.com/auth/firebase","https://www.googleapis.com/auth/cloud-platform"]
[debug] [2022-04-29T21:57:13.859Z] > authorizing via signed-in user (zakharyoliver808@gmail.com)
[debug] [2022-04-29T21:57:13.975Z] openjdk version "1.8.0_302"
OpenJDK Runtime Environment (build 1.8.0_302-b08
[debug] [2022-04-29T21:57:13.976Z] )
OpenJDK 64-Bit Server VM (build 25.302-b08, mixed mode)

[debug] [2022-04-29T21:57:13.987Z] Parsed Java major version: 1
[warn] !  emulators: Support for Java version <= 10 will be dropped soon in firebase-tools@11. Please upgrade to Java version 11 or above to continue using the emulators. 
[info] i  emulators: Starting emulators: auth, database, storage {"metadata":{"emulator":{"name":"hub"},"message":"Starting emulators: auth, database, storage"}}
[debug] [2022-04-29T21:57:14.012Z] [hub] writing locator at C:\Users\Zakpak0\AppData\Local\Temp\hub-projectxxx-62f3c.json
[debug] [2022-04-29T21:57:14.030Z] >>> [apiv2][query] GET https://firebase.googleapis.com/v1beta1/projects/projectxxx-62f3c [none]
[debug] [2022-04-29T21:57:15.267Z] <<< [apiv2][status] GET https://firebase.googleapis.com/v1beta1/projects/projectxxx-62f3c 200
[debug] [2022-04-29T21:57:15.267Z] <<< [apiv2][body] GET https://firebase.googleapis.com/v1beta1/projects/projectxxx-62f3c {"projectId":"projectxxx-62f3c","projectNumber":"658765677344","displayName":"ProjectXXX","name":"projects/projectxxx-62f3c","resources":{"hostingSite":"projectxxx-62f3c","realtimeDatabaseInstance":"projectxxx-62f3c-default-rtdb","storageBucket":"projectxxx-62f3c.appspot.com","locationId":"us-central"},"state":"ACTIVE"}
[debug] [2022-04-29T21:57:15.268Z] database rules config:  [{"instance":"projectxxx-62f3c-default-rtdb","rules":"D:\\Upwork\\deb-deborah-video-app\\database.rules.json"}]
[debug] [2022-04-29T21:57:15.271Z] Ignoring unsupported arg: projectId {"metadata":{"emulator":{"name":"database"},"message":"Ignoring unsupported arg: projectId"}}
[debug] [2022-04-29T21:57:15.272Z] Ignoring unsupported arg: auto_download {"metadata":{"emulator":{"name":"database"},"message":"Ignoring unsupported arg: auto_download"}}
[debug] [2022-04-29T21:57:15.272Z] Ignoring unsupported arg: rules {"metadata":{"emulator":{"name":"database"},"message":"Ignoring unsupported arg: rules"}}
[debug] [2022-04-29T21:57:15.272Z] Starting Database Emulator with command {"binary":"java","args":["-Duser.language=en","-jar","C:\\Users\\Zakpak0\\.cache\\firebase\\emulators\\firebase-database-emulator-v4.7.3.jar","--host","localhost","--port",9001],"optionalArgs":["port","host","functions_emulator_port","functions_emulator_host"],"joinArgs":false} {"metadata":{"emulator":{"name":"database"},"message":"Starting Database Emulator with command {\"binary\":\"java\",\"args\":[\"-Duser.language=en\",\"-jar\",\"C:\\\\Users\\\\Zakpak0\\\\.cache\\\\firebase\\\\emulators\\\\firebase-database-emulator-v4.7.3.jar\",\"--host\",\"localhost\",\"--port\",9001],\"optionalArgs\":[\"port\",\"host\",\"functions_emulator_port\",\"functions_emulator_host\"],\"joinArgs\":false}"}}
[info] i  database: Database Emulator logging to database-debug.log {"metadata":{"emulator":{"name":"database"},"message":"Database Emulator logging to \u001b[1mdatabase-debug.log\u001b[22m"}}
[debug] [2022-04-29T21:57:16.613Z] 11:57:16.611 [NamespaceSystem-akka.actor.default-dispatcher-4] INFO akka.event.slf4j.Slf4jLogger - Slf4jLogger started
 {"metadata":{"emulator":{"name":"database"},"message":"11:57:16.611 [NamespaceSystem-akka.actor.default-dispatcher-4] INFO akka.event.slf4j.Slf4jLogger - Slf4jLogger started\r\n"}}
[debug] [2022-04-29T21:57:16.727Z] 11:57:16.726 [main] INFO com.firebase.server.forge.App$ - Listening at localhost:9001
 {"metadata":{"emulator":{"name":"database"},"message":"11:57:16.726 [main] INFO com.firebase.server.forge.App$ - Listening at localhost:9001\r\n"}}
[debug] [2022-04-29T21:57:22.969Z] Ignoring unsupported arg: port {"metadata":{"emulator":{"name":"storage"},"message":"Ignoring unsupported arg: port"}}
[debug] [2022-04-29T21:57:23.630Z] Temp file directory for storage emulator: C:\Users\Zakpak0\AppData\Local\Temp/firebase/storage/blobs {"metadata":{"emulator":{"name":"storage"},"message":"Temp file directory for storage emulator: C:\\Users\\Zakpak0\\AppData\\Local\\Temp/firebase/storage/blobs"}}
[warn] !  ui: Emulator UI unable to start on port 4000, starting on 4001 instead. {"metadata":{"emulator":{"name":"ui"},"message":"Emulator UI unable to start on port 4000, starting on 4001 instead."}}
[info] i  ui: downloading ui-v1.6.6.zip... {"metadata":{"emulator":{"name":"ui"},"message":"downloading ui-v1.6.6.zip..."}}
[debug] [2022-04-29T21:57:23.665Z] >>> [apiv2][query] GET https://storage.googleapis.com/firebase-preview-drop/emulator/ui-v1.6.6.zip 
[debug] [2022-04-29T21:57:24.686Z] <<< [apiv2][status] GET https://storage.googleapis.com/firebase-preview-drop/emulator/ui-v1.6.6.zip 200
[debug] [2022-04-29T21:57:24.687Z] <<< [apiv2][body] GET https://storage.googleapis.com/firebase-preview-drop/emulator/ui-v1.6.6.zip [stream]
[info] i  ui: Removing outdated emulator files: ui-v1.6.5 {"metadata":{"emulator":{"name":"ui"},"message":"Removing outdated emulator files: ui-v1.6.5"}}
[info] i  ui: Removing outdated emulator files: ui-v1.6.5.zip {"metadata":{"emulator":{"name":"ui"},"message":"Removing outdated emulator files: ui-v1.6.5.zip"}}
[debug] [2022-04-29T21:57:25.428Z] Ignoring unsupported arg: auto_download {"metadata":{"emulator":{"name":"ui"},"message":"Ignoring unsupported arg: auto_download"}}
[debug] [2022-04-29T21:57:25.428Z] Ignoring unsupported arg: port {"metadata":{"emulator":{"name":"ui"},"message":"Ignoring unsupported arg: port"}}
[debug] [2022-04-29T21:57:25.428Z] Starting Emulator UI with command {"binary":"node","args":["C:\\Users\\Zakpak0\\.cache\\firebase\\emulators\\ui-v1.6.6\\server.bundle.js"],"optionalArgs":[],"joinArgs":false} {"metadata":{"emulator":{"name":"ui"},"message":"Starting Emulator UI with command {\"binary\":\"node\",\"args\":[\"C:\\\\Users\\\\Zakpak0\\\\.cache\\\\firebase\\\\emulators\\\\ui-v1.6.6\\\\server.bundle.js\"],\"optionalArgs\":[],\"joinArgs\":false}"}}
[info] i  ui: Emulator UI logging to ui-debug.log {"metadata":{"emulator":{"name":"ui"},"message":"Emulator UI logging to \u001b[1mui-debug.log\u001b[22m"}}
[debug] [2022-04-29T21:57:25.555Z] Web / API server started at localhost:4001
 {"metadata":{"emulator":{"name":"ui"},"message":"Web / API server started at localhost:4001\n"}}
[debug] [2022-04-29T21:57:25.699Z] >>> HTTP REQUEST PUT http://localhost:9001/.settings/rules.json?ns=projectxxx-62f3c-default-rtdb  
 {
  "rules": {
    ".read": true,
    ".write": true
  }
}
[debug] [2022-04-29T21:57:26.053Z] <<< HTTP RESPONSE 200 {"content-length":"15","content-type":"application/json; charset=utf-8","access-control-allow-origin":"*","cache-control":"no-cache","x-firebase-project-id":"projectxxx-62f3c-default-rtdb","x-firebase-project-number":"123456789","x-firebase-uuid":"318245f7-9ac2-4187-83d3-b5445fb6dbe0"}
[info] 
┌─────────────────────────────────────────────────────────────┐
│ ✔  All emulators ready! It is now safe to connect your app. │
│ i  View Emulator UI at http://localhost:4001                │
└─────────────────────────────────────────────────────────────┘

┌────────────────┬────────────────┬────────────────────────────────┐
│ Emulator       │ Host:Port      │ View in Emulator UI            │
├────────────────┼────────────────┼────────────────────────────────┤
│ Authentication │ localhost:9098 │ http://localhost:4001/auth     │
├────────────────┼────────────────┼────────────────────────────────┤
│ Database       │ localhost:9001 │ http://localhost:4001/database │
├────────────────┼────────────────┼────────────────────────────────┤
│ Storage        │ localhost:9199 │ http://localhost:4001/storage  │
└────────────────┴────────────────┴────────────────────────────────┘
  Emulator Hub running at localhost:4400
  Other reserved ports: 4500

Issues? Report them at https://github.com/firebase/firebase-tools/issues and attach the *-debug.log files.
 
[warn] !  emulators: Support for Java version <= 10 will be dropped soon in firebase-tools@11. Please upgrade to Java version 11 or above to continue using the emulators. 
[warn] !  Received a signed JWT. Auth Emulator does not validate JWTs and IS NOT SECURE {"metadata":{"emulator":{"name":"auth"},"message":"Received a signed JWT. Auth Emulator does not validate JWTs and IS NOT SECURE"}}
[debug] [2022-04-29T21:58:47.166Z] >>> [apiv2][query] GET https://firebase.googleapis.com/v1beta1/projects/projectxxx-62f3c/adminSdkConfig [none]
[debug] [2022-04-29T21:58:47.566Z] <<< [apiv2][status] GET https://firebase.googleapis.com/v1beta1/projects/projectxxx-62f3c/adminSdkConfig 200
[debug] [2022-04-29T21:58:47.566Z] <<< [apiv2][body] GET https://firebase.googleapis.com/v1beta1/projects/projectxxx-62f3c/adminSdkConfig {"projectId":"projectxxx-62f3c","databaseURL":"https://projectxxx-62f3c-default-rtdb.firebaseio.com","storageBucket":"projectxxx-62f3c.appspot.com","locationId":"us-central"}
